<?xml version="1.0" encoding="UTF-8"?>
<!-- Generated by org.testng.reporters.JUnitReportReporter -->
<testsuite hostname="DESKTOP-RR4CVOF" failures="0" tests="1" name="test.day4" time="0.000" errors="0" timestamp="2023-11-30T20:03:56 IST" skipped="0">
  <testcase classname="test.day4" name="shadiloan" time="0.000"/>
  <system-out/>
</testsuite> <!-- test.day4 -->
