<?xml version="1.0" encoding="UTF-8"?>
<!-- Generated by org.testng.reporters.JUnitReportReporter -->
<testsuite hostname="DESKTOP-RR4CVOF" failures="0" tests="5" name="test.day3" time="0.010" errors="0" timestamp="2023-11-30T20:03:56 IST" skipped="0">
  <testcase classname="test.day3" name="myhomeloan" time="0.001"/>
  <system-out/>
  <testcase classname="test.day3" name="mymobileloan" time="0.003"/>
  <system-out/>
  <testcase classname="test.day3" name="mymobileloan" time="0.003"/>
  <system-out/>
  <testcase classname="test.day3" name="mycarloan" time="0.002"/>
  <system-out/>
  <testcase classname="test.day3" name="mymobileloan" time="0.001"/>
  <system-out/>
</testsuite> <!-- test.day3 -->
