<?xml version="1.0" encoding="UTF-8"?>
<!-- Generated by org.testng.reporters.JUnitReportReporter -->
<testsuite hostname="DESKTOP-RR4CVOF" failures="0" tests="1" name="test.day2" time="0.001" errors="0" timestamp="2023-11-30T20:03:56 IST" skipped="0">
  <testcase classname="test.day2" name="demo" time="0.001"/>
  <system-out/>
</testsuite> <!-- test.day2 -->
