<?xml version="1.0" encoding="UTF-8"?>
<!-- Generated by org.testng.reporters.JUnitReportReporter -->
<testsuite hostname="DESKTOP-RR4CVOF" failures="0" tests="2" name="testngtutorial.demo" time="0.029" errors="0" timestamp="2023-11-30T12:52:32 IST" skipped="0">
  <testcase classname="testngtutorial.demo" name="demo" time="0.027"/>
  <system-out/>
  <testcase classname="testngtutorial.demo" name="demo5" time="0.002"/>
  <system-out/>
</testsuite> <!-- testngtutorial.demo -->
